<?xml version="1.0" encoding="UTF-8"?>
<!-- Generated by org.testng.reporters.JUnitXMLReporter -->
<testsuite hostname="User" name="Default test" tests="4" failures="0" timestamp="17 Apr 2020 17:52:49 GMT" time="23.385" errors="0">
  <testcase name="negativeLoginUsingPOM" time="1.962" classname="io.duotech.tests.LoginTest"/>
  <testcase name="positiveLoginTest" time="0.593" classname="io.duotech.tests.LoginTest"/>
  <testcase name="positiveLoginUsingPOM" time="0.545" classname="io.duotech.tests.LoginTest"/>
  <testcase name="positiveLoginUsingPOMMethods" time="3.386" classname="io.duotech.tests.LoginTest"/>
</testsuite> <!-- Default test -->
