<?xml version="1.0" encoding="UTF-8"?>
<!-- Generated by org.testng.reporters.JUnitXMLReporter -->
<testsuite hostname="User" name="Chrome Test" tests="4" failures="0" timestamp="17 Apr 2020 17:42:04 GMT" time="24.281" errors="0">
  <testcase name="negativeLoginUsingPOM" time="1.971" classname="io.duotech.tests.LoginTest"/>
  <testcase name="positiveLoginTest" time="0.55" classname="io.duotech.tests.LoginTest"/>
  <testcase name="positiveLoginUsingPOM" time="0.684" classname="io.duotech.tests.LoginTest"/>
  <testcase name="positiveLoginUsingPOMMethods" time="3.541" classname="io.duotech.tests.LoginTest"/>
</testsuite> <!-- Chrome Test -->
