<?xml version="1.0" encoding="UTF-8"?>
<!-- Generated by org.testng.reporters.JUnitXMLReporter -->
<testsuite hostname="User" name="Edge Test" tests="4" failures="0" timestamp="17 Apr 2020 17:37:40 GMT" time="51.4" errors="0">
  <testcase name="negativeLoginUsingPOM" time="7.2" classname="io.duotech.tests.LoginTest"/>
  <testcase name="positiveLoginTest" time="0.662" classname="io.duotech.tests.LoginTest"/>
  <testcase name="positiveLoginUsingPOM" time="0.465" classname="io.duotech.tests.LoginTest"/>
  <testcase name="positiveLoginUsingPOMMethods" time="9.944" classname="io.duotech.tests.LoginTest"/>
</testsuite> <!-- Edge Test -->
