<?xml version="1.0" encoding="UTF-8"?>
<!-- Generated by org.testng.reporters.JUnitXMLReporter -->
<testsuite hostname="User" name="Firefox Test" tests="4" failures="0" timestamp="17 Apr 2020 17:36:49 GMT" time="91.373" errors="0">
  <testcase name="negativeLoginUsingPOM" time="2.159" classname="io.duotech.tests.LoginTest"/>
  <testcase name="positiveLoginTest" time="1.313" classname="io.duotech.tests.LoginTest"/>
  <testcase name="positiveLoginUsingPOM" time="1.75" classname="io.duotech.tests.LoginTest"/>
  <testcase name="positiveLoginUsingPOMMethods" time="2.456" classname="io.duotech.tests.LoginTest"/>
</testsuite> <!-- Firefox Test -->
