<?xml version="1.0" encoding="UTF-8"?>
<!-- Generated by org.testng.reporters.JUnitXMLReporter -->
<testsuite hostname="User" name="Headless Chrome Test" tests="4" failures="0" timestamp="17 Apr 2020 17:42:29 GMT" time="24.87" errors="0">
  <testcase name="negativeLoginUsingPOM" time="1.564" classname="io.duotech.tests.LoginTest"/>
  <testcase name="positiveLoginTest" time="0.553" classname="io.duotech.tests.LoginTest"/>
  <testcase name="positiveLoginUsingPOM" time="0.476" classname="io.duotech.tests.LoginTest"/>
  <testcase name="positiveLoginUsingPOMMethods" time="3.094" classname="io.duotech.tests.LoginTest"/>
</testsuite> <!-- Headless Chrome Test -->
