<?xml version="1.0" encoding="UTF-8"?>
<!-- Generated by org.testng.reporters.JUnitXMLReporter -->
<testsuite hostname="User" name="Test" tests="4" failures="0" timestamp="24 Mar 2020 17:30:13 GMT" time="34.451" errors="0">
  <testcase name="negativeLoginUsingPOM" time="2.004" classname="io.duotech.tests.LoginTest"/>
  <testcase name="positiveLoginTest" time="0.924" classname="io.duotech.tests.LoginTest"/>
  <testcase name="positiveLoginUsingPOM" time="0.838" classname="io.duotech.tests.LoginTest"/>
  <testcase name="positiveLoginUsingPOMMethods" time="3.993" classname="io.duotech.tests.LoginTest"/>
</testsuite> <!-- Test -->
